03/12/2018 09:35:49 AM Starting new HTTPS connection (1): data.cityofchicago.org
03/12/2018 09:35:49 AM https://data.cityofchicago.org:443 "GET /resource/cwig-ma7x.json HTTP/1.1" 200 None
03/12/2018 09:35:49 AM Data has been loaded.
03/12/2018 09:35:49 AM Model has been successfully trained and pickled.
03/12/2018 09:36:54 AM Starting new HTTPS connection (1): data.cityofchicago.org
03/12/2018 09:36:54 AM https://data.cityofchicago.org:443 "GET /resource/cwig-ma7x.json HTTP/1.1" 200 None
03/12/2018 09:36:54 AM Data has been loaded.
03/12/2018 09:36:54 AM Data is ready for training.
03/12/2018 09:36:54 AM Model has been successfully trained and pickled.
03/12/2018 09:39:04 AM Starting new HTTPS connection (1): data.cityofchicago.org
03/12/2018 09:39:04 AM https://data.cityofchicago.org:443 "GET /resource/cwig-ma7x.json HTTP/1.1" 200 None
03/12/2018 09:39:05 AM Data has been loaded.
03/12/2018 09:39:05 AM Data is ready for training.
03/12/2018 09:39:05 AM Model has been successfully trained and pickled.
03/12/2018 09:55:56 AM Starting new HTTPS connection (1): data.cityofchicago.org
03/12/2018 09:55:56 AM https://data.cityofchicago.org:443 "GET /resource/cwig-ma7x.json HTTP/1.1" 200 None
03/12/2018 09:55:57 AM Data has been loaded.
03/12/2018 09:55:57 AM Data is ready for training.
03/12/2018 09:55:57 AM Model has been successfully trained and pickled.
03/12/2018 09:56:26 AM Starting new HTTPS connection (1): data.cityofchicago.org
03/12/2018 09:56:27 AM https://data.cityofchicago.org:443 "GET /resource/cwig-ma7x.json HTTP/1.1" 200 None
03/12/2018 09:56:27 AM Data has been loaded.
03/12/2018 09:56:27 AM Data is ready for training.
03/12/2018 09:56:27 AM Model has been successfully trained and pickled.
